<?xml version="1.0" encoding="UTF-8"?>
<!-- Generated by org.testng.reporters.JUnitXMLReporter -->
<testsuite ignored="0" hostname="LAPTOP-NN2AJ9IO" failures="1" tests="4" name="Test" time="87.51" errors="0" timestamp="2020-08-26T16:49:52 IST">
  <testcase classname="testPack.UrbanLadderTestClass" name="test1" time="18.426"/>
  <testcase classname="testPack.UrbanLadderTestClass" name="Test2" time="30.092"/>
  <testcase classname="testPack.UrbanLadderTestClass" name="Test3" time="17.652"/>
  <testcase classname="testPack.UrbanLadderTestClass" name="Test4" time="0.091">
    <failure type="java.lang.AssertionError" message="expected [Open Bookshelves: Check 4 Amazing Designs &amp;amp; Buy Online - Urban Ladder] but found [Open Bookshelves: Check 7 Amazing Designs &amp;amp; Buy Online - Urban Ladder]">
      <![CDATA[java.lang.AssertionError: expected [Open Bookshelves: Check 4 Amazing Designs & Buy Online - Urban Ladder] but found [Open Bookshelves: Check 7 Amazing Designs & Buy Online - Urban Ladder]
at basePack.PageBase.getTitle(PageBase.java:81)
at testPack.UrbanLadderTestClass.Test4(UrbanLadderTestClass.java:92)
at java.base/java.util.ArrayList.forEach(ArrayList.java:1507)
... Removed 32 stack frames]]>
    </failure>
  </testcase> <!-- Test4 -->
</testsuite> <!-- Test -->
