<?xml version="1.0" encoding="UTF-8"?>
<testng-results ignored="0" total="4" passed="3" failed="1" skipped="0">
  <reporter-output>
  </reporter-output>
  <suite started-at="2020-08-26T16:48:25 IST" name="Suite" finished-at="2020-08-26T16:49:52 IST" duration-ms="87510">
    <groups>
      <group name="Regression">
        <method signature="UrbanLadderTestClass.Test2()[pri:1, instance:testPack.UrbanLadderTestClass@3a52dba3]" name="Test2" class="testPack.UrbanLadderTestClass"/>
        <method signature="UrbanLadderTestClass.Test3()[pri:2, instance:testPack.UrbanLadderTestClass@3a52dba3]" name="Test3" class="testPack.UrbanLadderTestClass"/>
        <method signature="UrbanLadderTestClass.Test4()[pri:3, instance:testPack.UrbanLadderTestClass@3a52dba3]" name="Test4" class="testPack.UrbanLadderTestClass"/>
      </group> <!-- Regression -->
      <group name="Smoke">
        <method signature="UrbanLadderTestClass.Test2()[pri:1, instance:testPack.UrbanLadderTestClass@3a52dba3]" name="Test2" class="testPack.UrbanLadderTestClass"/>
        <method signature="UrbanLadderTestClass.Test3()[pri:2, instance:testPack.UrbanLadderTestClass@3a52dba3]" name="Test3" class="testPack.UrbanLadderTestClass"/>
        <method signature="UrbanLadderTestClass.Test4()[pri:3, instance:testPack.UrbanLadderTestClass@3a52dba3]" name="Test4" class="testPack.UrbanLadderTestClass"/>
        <method signature="UrbanLadderTestClass.test1()[pri:0, instance:testPack.UrbanLadderTestClass@3a52dba3]" name="test1" class="testPack.UrbanLadderTestClass"/>
      </group> <!-- Smoke -->
    </groups>
    <test started-at="2020-08-26T16:48:25 IST" name="Test" finished-at="2020-08-26T16:49:52 IST" duration-ms="87510">
      <class name="testPack.UrbanLadderTestClass">
        <test-method is-config="true" signature="test0()[pri:0, instance:testPack.UrbanLadderTestClass@3a52dba3]" started-at="2020-08-26T16:48:25 IST" name="test0" finished-at="2020-08-26T16:48:43 IST" duration-ms="18524" status="PASS">
          <reporter-output>
          </reporter-output>
        </test-method> <!-- test0 -->
        <test-method signature="test1()[pri:0, instance:testPack.UrbanLadderTestClass@3a52dba3]" started-at="2020-08-26T16:48:43 IST" name="test1" finished-at="2020-08-26T16:49:02 IST" duration-ms="18426" status="PASS">
          <reporter-output>
          </reporter-output>
        </test-method> <!-- test1 -->
        <test-method signature="Test2()[pri:1, instance:testPack.UrbanLadderTestClass@3a52dba3]" started-at="2020-08-26T16:49:02 IST" name="Test2" finished-at="2020-08-26T16:49:32 IST" duration-ms="30092" status="PASS">
          <reporter-output>
          </reporter-output>
        </test-method> <!-- Test2 -->
        <test-method signature="Test3()[pri:2, instance:testPack.UrbanLadderTestClass@3a52dba3]" started-at="2020-08-26T16:49:32 IST" name="Test3" finished-at="2020-08-26T16:49:49 IST" duration-ms="17652" status="PASS">
          <reporter-output>
          </reporter-output>
        </test-method> <!-- Test3 -->
        <test-method signature="Test4()[pri:3, instance:testPack.UrbanLadderTestClass@3a52dba3]" started-at="2020-08-26T16:49:49 IST" name="Test4" finished-at="2020-08-26T16:49:49 IST" duration-ms="91" status="FAIL">
          <exception class="java.lang.AssertionError">
            <message>
              <![CDATA[expected [Open Bookshelves: Check 4 Amazing Designs & Buy Online - Urban Ladder] but found [Open Bookshelves: Check 7 Amazing Designs & Buy Online - Urban Ladder]]]>
            </message>
            <full-stacktrace>
              <![CDATA[java.lang.AssertionError: expected [Open Bookshelves: Check 4 Amazing Designs & Buy Online - Urban Ladder] but found [Open Bookshelves: Check 7 Amazing Designs & Buy Online - Urban Ladder]
at org.testng.Assert.fail(Assert.java:97)
at org.testng.Assert.assertEqualsImpl(Assert.java:136)
at org.testng.Assert.assertEquals(Assert.java:118)
at org.testng.Assert.assertEquals(Assert.java:575)
at org.testng.Assert.assertEquals(Assert.java:585)
at basePack.PageBase.getTitle(PageBase.java:81)
at testPack.UrbanLadderTestClass.Test4(UrbanLadderTestClass.java:92)
at java.base/jdk.internal.reflect.NativeMethodAccessorImpl.invoke0(Native Method)
at java.base/jdk.internal.reflect.NativeMethodAccessorImpl.invoke(NativeMethodAccessorImpl.java:62)
at java.base/jdk.internal.reflect.DelegatingMethodAccessorImpl.invoke(DelegatingMethodAccessorImpl.java:43)
at java.base/java.lang.reflect.Method.invoke(Method.java:567)
at org.testng.internal.MethodInvocationHelper.invokeMethod(MethodInvocationHelper.java:134)
at org.testng.internal.TestInvoker.invokeMethod(TestInvoker.java:597)
at org.testng.internal.TestInvoker.invokeTestMethod(TestInvoker.java:173)
at org.testng.internal.MethodRunner.runInSequence(MethodRunner.java:46)
at org.testng.internal.TestInvoker$MethodInvocationAgent.invoke(TestInvoker.java:816)
at org.testng.internal.TestInvoker.invokeTestMethods(TestInvoker.java:146)
at org.testng.internal.TestMethodWorker.invokeTestMethods(TestMethodWorker.java:146)
at org.testng.internal.TestMethodWorker.run(TestMethodWorker.java:128)
at java.base/java.util.ArrayList.forEach(ArrayList.java:1507)
at org.testng.TestRunner.privateRun(TestRunner.java:766)
at org.testng.TestRunner.run(TestRunner.java:587)
at org.testng.SuiteRunner.runTest(SuiteRunner.java:384)
at org.testng.SuiteRunner.runSequentially(SuiteRunner.java:378)
at org.testng.SuiteRunner.privateRun(SuiteRunner.java:337)
at org.testng.SuiteRunner.run(SuiteRunner.java:286)
at org.testng.SuiteRunnerWorker.runSuite(SuiteRunnerWorker.java:53)
at org.testng.SuiteRunnerWorker.run(SuiteRunnerWorker.java:96)
at org.testng.TestNG.runSuitesSequentially(TestNG.java:1187)
at org.testng.TestNG.runSuitesLocally(TestNG.java:1109)
at org.testng.TestNG.runSuites(TestNG.java:1039)
at org.testng.TestNG.run(TestNG.java:1007)
at org.testng.remote.AbstractRemoteTestNG.run(AbstractRemoteTestNG.java:115)
at org.testng.remote.RemoteTestNG.initAndRun(RemoteTestNG.java:251)
at org.testng.remote.RemoteTestNG.main(RemoteTestNG.java:77)
]]>
            </full-stacktrace>
          </exception> <!-- java.lang.AssertionError -->
          <reporter-output>
          </reporter-output>
        </test-method> <!-- Test4 -->
        <test-method is-config="true" signature="closeBrowser()[pri:0, instance:testPack.UrbanLadderTestClass@3a52dba3]" started-at="2020-08-26T16:49:49 IST" name="closeBrowser" finished-at="2020-08-26T16:49:52 IST" duration-ms="2534" status="PASS">
          <reporter-output>
          </reporter-output>
        </test-method> <!-- closeBrowser -->
      </class> <!-- testPack.UrbanLadderTestClass -->
    </test> <!-- Test -->
  </suite> <!-- Suite -->
</testng-results>
